#
# There is insufficient memory for the Java Runtime Environment to continue.
# Native memory allocation (malloc) failed to allocate 1048576 bytes. Error detail: AllocateHeap
# Possible reasons:
#   The system is out of physical RAM or swap space
#   This process is running with CompressedOops enabled, and the Java Heap may be blocking the growth of the native heap
# Possible solutions:
#   Reduce memory load on the system
#   Increase physical memory or swap space
#   Check if swap backing store is full
#   Decrease Java heap size (-Xmx/-Xms)
#   Decrease number of Java threads
#   Decrease Java thread stack sizes (-Xss)
#   Set larger code cache with -XX:ReservedCodeCacheSize=
#   JVM is running with Unscaled Compressed Oops mode in which the Java heap is
#     placed in the first 4GB address space. The Java Heap base address is the
#     maximum limit for the native heap growth. Please use -XX:HeapBaseMinAddress
#     to set the Java Heap base and to place the Java Heap above 4GB virtual address.
# This output file may be truncated or incomplete.
#
#  Out of Memory Error (allocation.cpp:44), pid=69000, tid=55680
#
# JRE version:  (22.0.2+9) (build )
# Java VM: OpenJDK 64-Bit Server VM (22.0.2+9, mixed mode, sharing, tiered, compressed oops, compressed class ptrs, g1 gc, windows-amd64)
# No core dump will be written. Minidumps are not enabled by default on client versions of Windows
#

---------------  S U M M A R Y ------------

Command Line: -Dfile.encoding=UTF-8 -Dstdout.encoding=UTF-8 -Dstderr.encoding=UTF-8 --module-path=C:\Users\luizn\git\repository3\curso_programacao\bin -XX:+ShowCodeDetailsInExceptionMessages -Djdk.module.main=curso_programacao curso_programacao/curso_programacao.While

Host: AMD Ryzen 7 5700U with Radeon Graphics         , 16 cores, 5G,  Windows 11 , 64 bit Build 22621 (10.0.22621.3958)
Time: Mon Sep 16 16:25:41 2024 Hora Padrão de Buenos Aires elapsed time: 0.015539 seconds (0d 0h 0m 0s)

---------------  T H R E A D  ---------------

Current thread (0x000002345aeeef80):  JavaThread "Unknown thread" [_thread_in_vm, id=55680, stack(0x000000c390800000,0x000000c390900000) (1024K)]

Stack: [0x000000c390800000,0x000000c390900000]
Native frames: (J=compiled Java code, j=interpreted, Vv=VM code, C=native code)
V  [jvm.dll+0x6ea6a9]  (no source info available)
V  [jvm.dll+0x8cdbf3]  (no source info available)
V  [jvm.dll+0x8d001e]  (no source info available)
V  [jvm.dll+0x8d06f3]  (no source info available)
V  [jvm.dll+0x286dc6]  (no source info available)
V  [jvm.dll+0xbe687]  (no source info available)
V  [jvm.dll+0x331d38]  (no source info available)
V  [jvm.dll+0x895aa0]  (no source info available)
V  [jvm.dll+0x3c78a1]  (no source info available)
V  [jvm.dll+0x87e75c]  (no source info available)
V  [jvm.dll+0x4612ae]  (no source info available)
V  [jvm.dll+0x4630c1]  (no source info available)
C  [jli.dll+0x5278]  (no source info available)
C  [ucrtbase.dll+0x29333]  (no source info available)
C  [KERNEL32.DLL+0x1257d]  (no source info available)
C  [ntdll.dll+0x5af28]  (no source info available)


---------------  P R O C E S S  ---------------

Threads class SMR info:
_java_thread_list=0x00007ffba505d688, length=0, elements={
}

Java Threads: ( => current thread )
Total: 0

Other Threads:

=>0x000002345aeeef80 (exited) JavaThread "Unknown thread"    [_thread_in_vm, id=55680, stack(0x000000c390800000,0x000000c390900000) (1024K)]
Total: 1

Threads with active compile tasks:
Total: 0

VM state: not at safepoint (not fully initialized)

VM Mutex/Monitor currently owned by a thread: None

Heap address: 0x0000000000000000, size: 0 MB, Compressed Oops mode: 32-bit

CDS archive(s) mapped at: [0x0000000000000000-0x0000000000000000-0x0000000000000000), size 0, SharedBaseAddress: 0x0000000800000000, ArchiveRelocationMode: 1.
Narrow klass base: 0x0000000000000000, Narrow klass shift: 0, Narrow klass range: 0x0

GC Precious Log:
 CardTable entry size: 512
 Card Set container configuration: InlinePtr #cards 5 size 8 Array Of Cards #cards 12 size 40 Howl #buckets 4 coarsen threshold 1843 Howl Bitmap #cards 512 size 80 coarsen threshold 460 Card regions per heap region 1 cards per card region 2048

GC Heap History (0 events):
No events

Dll operation events (1 events):
Event: 0.011 Loaded shared library C:\Users\luizn\.p2\pool\plugins\org.eclipse.justj.openjdk.hotspot.jre.full.win32.x86_64_22.0.2.v20240802-1626\jre\bin\java.dll

Deoptimization events (0 events):
No events

Classes loaded (0 events):
No events

Classes unloaded (0 events):
No events

Classes redefined (0 events):
No events

Internal exceptions (0 events):
No events

ZGC Phase Switch (0 events):
No events

VM Operations (0 events):
No events

Memory protections (0 events):
No events

Nmethod flushes (0 events):
No events

Events (0 events):
No events


Dynamic libraries:
0x00007ff702660000 - 0x00007ff70266e000 	C:\Users\luizn\.p2\pool\plugins\org.eclipse.justj.openjdk.hotspot.jre.full.win32.x86_64_22.0.2.v20240802-1626\jre\bin\javaw.exe
0x00007ffc63690000 - 0x00007ffc638a7000 	C:\WINDOWS\SYSTEM32\ntdll.dll
0x00007ffc62120000 - 0x00007ffc621e4000 	C:\WINDOWS\System32\KERNEL32.DLL
0x00007ffc61010000 - 0x00007ffc613bd000 	C:\WINDOWS\System32\KERNELBASE.dll
0x00007ffc609b0000 - 0x00007ffc60ac1000 	C:\WINDOWS\System32\ucrtbase.dll
0x00007ffc41720000 - 0x00007ffc41737000 	C:\Users\luizn\.p2\pool\plugins\org.eclipse.justj.openjdk.hotspot.jre.full.win32.x86_64_22.0.2.v20240802-1626\jre\bin\jli.dll
0x00007ffc453e0000 - 0x00007ffc453fb000 	C:\Users\luizn\.p2\pool\plugins\org.eclipse.justj.openjdk.hotspot.jre.full.win32.x86_64_22.0.2.v20240802-1626\jre\bin\VCRUNTIME140.dll
0x00007ffc623f0000 - 0x00007ffc6259e000 	C:\WINDOWS\System32\USER32.dll
0x00007ffc60b50000 - 0x00007ffc60b76000 	C:\WINDOWS\System32\win32u.dll
0x00007ffc62fd0000 - 0x00007ffc62ff9000 	C:\WINDOWS\System32\GDI32.dll
0x00007ffc60dc0000 - 0x00007ffc60ed9000 	C:\WINDOWS\System32\gdi32full.dll
0x00007ffc60cf0000 - 0x00007ffc60d8a000 	C:\WINDOWS\System32\msvcp_win.dll
0x00007ffc420a0000 - 0x00007ffc42333000 	C:\WINDOWS\WinSxS\amd64_microsoft.windows.common-controls_6595b64144ccf1df_6.0.22621.3672_none_2713b9d173822955\COMCTL32.dll
0x00007ffc613c0000 - 0x00007ffc61467000 	C:\WINDOWS\System32\msvcrt.dll
0x00007ffc63260000 - 0x00007ffc63291000 	C:\WINDOWS\System32\IMM32.DLL
0x00007ffc5a730000 - 0x00007ffc5a73c000 	C:\Users\luizn\.p2\pool\plugins\org.eclipse.justj.openjdk.hotspot.jre.full.win32.x86_64_22.0.2.v20240802-1626\jre\bin\vcruntime140_1.dll
0x00007ffc26b70000 - 0x00007ffc26bfe000 	C:\Users\luizn\.p2\pool\plugins\org.eclipse.justj.openjdk.hotspot.jre.full.win32.x86_64_22.0.2.v20240802-1626\jre\bin\msvcp140.dll
0x00007ffba4400000 - 0x00007ffba51c3000 	C:\Users\luizn\.p2\pool\plugins\org.eclipse.justj.openjdk.hotspot.jre.full.win32.x86_64_22.0.2.v20240802-1626\jre\bin\server\jvm.dll
0x00007ffc61fc0000 - 0x00007ffc62072000 	C:\WINDOWS\System32\ADVAPI32.dll
0x00007ffc631b0000 - 0x00007ffc63259000 	C:\WINDOWS\System32\sechost.dll
0x00007ffc60d90000 - 0x00007ffc60db8000 	C:\WINDOWS\System32\bcrypt.dll
0x00007ffc62a30000 - 0x00007ffc62b44000 	C:\WINDOWS\System32\RPCRT4.dll
0x00007ffc63300000 - 0x00007ffc63371000 	C:\WINDOWS\System32\WS2_32.dll
0x00007ffc5b030000 - 0x00007ffc5b064000 	C:\WINDOWS\SYSTEM32\WINMM.dll
0x00007ffc578a0000 - 0x00007ffc578aa000 	C:\WINDOWS\SYSTEM32\VERSION.dll
0x00007ffc606d0000 - 0x00007ffc6071d000 	C:\WINDOWS\SYSTEM32\POWRPROF.dll
0x00007ffc606b0000 - 0x00007ffc606c3000 	C:\WINDOWS\SYSTEM32\UMPDC.dll
0x00007ffc5f9d0000 - 0x00007ffc5f9e8000 	C:\WINDOWS\SYSTEM32\kernel.appcore.dll
0x00007ffc57980000 - 0x00007ffc5798a000 	C:\Users\luizn\.p2\pool\plugins\org.eclipse.justj.openjdk.hotspot.jre.full.win32.x86_64_22.0.2.v20240802-1626\jre\bin\jimage.dll
0x00007ffc5e540000 - 0x00007ffc5e772000 	C:\WINDOWS\SYSTEM32\DBGHELP.DLL
0x00007ffc62630000 - 0x00007ffc629be000 	C:\WINDOWS\System32\combase.dll
0x00007ffc63570000 - 0x00007ffc63647000 	C:\WINDOWS\System32\OLEAUT32.dll
0x00007ffc55af0000 - 0x00007ffc55b22000 	C:\WINDOWS\SYSTEM32\dbgcore.DLL
0x00007ffc60ad0000 - 0x00007ffc60b4b000 	C:\WINDOWS\System32\bcryptPrimitives.dll
0x00007ffc3f360000 - 0x00007ffc3f37e000 	C:\Users\luizn\.p2\pool\plugins\org.eclipse.justj.openjdk.hotspot.jre.full.win32.x86_64_22.0.2.v20240802-1626\jre\bin\java.dll
0x00007ffc61470000 - 0x00007ffc61cd7000 	C:\WINDOWS\System32\SHELL32.dll
0x00007ffc621f0000 - 0x00007ffc62395000 	C:\WINDOWS\System32\ole32.dll

dbghelp: loaded successfully - version: 4.0.5 - missing functions: none
symbol engine: initialized successfully - sym options: 0x614 - pdb path: .;C:\Users\luizn\.p2\pool\plugins\org.eclipse.justj.openjdk.hotspot.jre.full.win32.x86_64_22.0.2.v20240802-1626\jre\bin;C:\WINDOWS\SYSTEM32;C:\WINDOWS\WinSxS\amd64_microsoft.windows.common-controls_6595b64144ccf1df_6.0.22621.3672_none_2713b9d173822955;C:\Users\luizn\.p2\pool\plugins\org.eclipse.justj.openjdk.hotspot.jre.full.win32.x86_64_22.0.2.v20240802-1626\jre\bin\server

VM Arguments:
jvm_args: -Dfile.encoding=UTF-8 -Dstdout.encoding=UTF-8 -Dstderr.encoding=UTF-8 --module-path=C:\Users\luizn\git\repository3\curso_programacao\bin -XX:+ShowCodeDetailsInExceptionMessages -Djdk.module.main=curso_programacao 
java_command: curso_programacao/curso_programacao.While
java_class_path (initial): <not set>
Launcher Type: SUN_STANDARD

[Global flags]
     intx CICompilerCount                          = 12                                        {product} {ergonomic}
     uint ConcGCThreads                            = 3                                         {product} {ergonomic}
     uint G1ConcRefinementThreads                  = 13                                        {product} {ergonomic}
   size_t G1HeapRegionSize                         = 1048576                                   {product} {ergonomic}
   size_t InitialHeapSize                          = 98566144                                  {product} {ergonomic}
   size_t MarkStackSize                            = 4194304                                   {product} {ergonomic}
   size_t MaxHeapSize                              = 1574961152                                {product} {ergonomic}
   size_t MinHeapDeltaBytes                        = 1048576                                   {product} {ergonomic}
   size_t MinHeapSize                              = 8388608                                   {product} {ergonomic}
    uintx NonNMethodCodeHeapSize                   = 7602480                                {pd product} {ergonomic}
    uintx NonProfiledCodeHeapSize                  = 122027880                              {pd product} {ergonomic}
    uintx ProfiledCodeHeapSize                     = 122027880                              {pd product} {ergonomic}
    uintx ReservedCodeCacheSize                    = 251658240                              {pd product} {ergonomic}
     bool SegmentedCodeCache                       = true                                      {product} {ergonomic}
     bool ShowCodeDetailsInExceptionMessages       = true                                   {manageable} {command line}
   size_t SoftMaxHeapSize                          = 1574961152                             {manageable} {ergonomic}
     bool UseCompressedOops                        = true                           {product lp64_product} {ergonomic}
     bool UseG1GC                                  = true                                      {product} {ergonomic}
     bool UseLargePagesIndividualAllocation        = false                                  {pd product} {ergonomic}

Logging:
Log output configuration:
 #0: stdout all=warning uptime,level,tags foldmultilines=false
 #1: stderr all=off uptime,level,tags foldmultilines=false

Environment Variables:
JAVA_HOME=C:\Program Files\Java\zulu17.44.15-ca-jdk17.0.8-win_x64
PATH=C:/Users/luizn/.p2/pool/plugins/org.eclipse.justj.openjdk.hotspot.jre.full.win32.x86_64_22.0.2.v20240802-1626/jre/bin/server;C:/Users/luizn/.p2/pool/plugins/org.eclipse.justj.openjdk.hotspot.jre.full.win32.x86_64_22.0.2.v20240802-1626/jre/bin;C:\ProgramData\Oracle\Java\javapath;C:\Program Files\Java\zulu17.44.15-ca-jdk17.0.8-win_x64\bin;C:\WINDOWS\system32;C:\WINDOWS;C:\WINDOWS\System32\Wbem;C:\WINDOWS\System32\WindowsPowerShell\v1.0\;C:\WINDOWS\System32\OpenSSH\;C:\Program Files\Git\cmd;C:\Users\luizn\AppData\Local\Programs\Python\Python311\Scripts\;C:\Users\luizn\AppData\Local\Programs\Python\Python311\;C:\Users\luizn\AppData\Local\Microsoft\WindowsApps;C:\Users\luizn\AppData\Local\Programs\Microsoft VS Code\bin;C:\Program Files\JetBrains\IntelliJ IDEA 2023.2.2\bin;;C:\Users\luizn\eclipse\java-2024-06\eclipse;
USERNAME=luizn
OS=Windows_NT
PROCESSOR_IDENTIFIER=AMD64 Family 23 Model 104 Stepping 1, AuthenticAMD
TMP=C:\Users\luizn\AppData\Local\Temp
TEMP=C:\Users\luizn\AppData\Local\Temp




Periodic native trim disabled

---------------  S Y S T E M  ---------------

OS:
 Windows 11 , 64 bit Build 22621 (10.0.22621.3958)
OS uptime: 5 days 13:38 hours
Hyper-V role detected

CPU: total 16 (initial active 16) (16 cores per cpu, 2 threads per core) family 23 model 104 stepping 1 microcode 0x0, cx8, cmov, fxsr, ht, mmx, 3dnowpref, sse, sse2, sse3, ssse3, sse4a, sse4.1, sse4.2, popcnt, lzcnt, tsc, tscinvbit, avx, avx2, aes, clmul, bmi1, bmi2, adx, sha, fma, vzeroupper, clflush, clflushopt, hv, rdtscp, rdpid, f16c
Processor Information for all 16 processors :
  Max Mhz: 1801, Current Mhz: 1801, Mhz Limit: 1801

Memory: 4k page, system-wide physical 6005M (224M free)
TotalPageFile size 24437M (AvailPageFile size 4M)
current process WorkingSet (physical memory assigned to process): 11M, peak: 11M
current process commit charge ("private bytes"): 12M, peak: 13M

vm_info: OpenJDK 64-Bit Server VM (22.0.2+9) for windows-amd64 JRE (22.0.2+9), built on 2024-07-16T00:00:00Z by "admin" with MS VC++ 17.7 (VS2022)

END.
